{"contracts/constants/UBKOracleConstants.sol":{"l":{},"path":"/Users/nischinth/Desktop/Gala.Fi/ubk-oracle/contracts/constants/UBKOracleConstants.sol","s":{},"b":{},"f":{},"fnMap":{},"statementMap":{},"branchMap":{}},"contracts/core/UBKOracle.sol":{"l":{"91":115,"92":0,"97":58,"98":1,"99":57,"104":7,"105":0,"106":7,"107":7,"108":5,"120":4,"121":4,"122":4,"131":475,"135":473,"136":473,"139":473,"140":473,"152":5,"153":5,"155":5,"156":3,"157":2,"158":2,"173":5,"174":1,"175":4,"176":3,"178":1,"179":1,"193":17,"194":1,"195":16,"200":15,"201":15,"204":3,"208":3,"212":3,"213":1,"216":14,"217":14,"218":14,"220":14,"221":14,"222":14,"230":5,"231":1,"232":4,"233":4,"243":39,"244":2,"245":37,"247":37,"248":37,"249":37,"251":36,"258":36,"260":0,"262":36,"263":36,"264":36,"265":36,"279":14,"280":2,"281":12,"282":1,"284":11,"285":11,"286":11,"297":13,"310":40,"311":1,"312":39,"321":3,"322":3,"323":2,"332":29,"333":29,"342":4,"356":4,"374":10,"375":9,"376":9,"378":9,"379":9,"392":4,"393":3,"394":3,"395":3,"396":3,"410":25,"411":0,"412":25,"413":25,"414":25,"415":1,"416":24,"430":7,"431":7,"433":7,"434":7,"435":7,"436":1,"438":6,"440":6,"442":6,"444":6,"445":6,"448":6,"451":6,"452":1,"454":5,"455":5,"476":35,"477":35,"484":35,"490":31,"491":31,"493":31,"494":31,"495":2,"498":29,"501":0,"504":31,"509":31,"511":0,"522":44,"524":42,"525":42,"527":35,"528":35,"530":35,"531":35,"533":4,"534":4,"535":3,"536":1,"538":2,"544":2,"556":39,"557":35,"562":35,"563":35,"564":35,"578":47,"579":44,"580":44,"581":44},"path":"/Users/nischinth/Desktop/Gala.Fi/ubk-oracle/contracts/core/UBKOracle.sol","s":{"1":115,"2":58,"3":7,"4":4,"5":4,"6":475,"7":473,"8":473,"9":5,"10":5,"11":5,"12":2,"13":5,"14":4,"15":1,"16":17,"17":16,"18":15,"19":15,"20":3,"21":3,"22":3,"23":14,"24":14,"25":14,"26":5,"27":4,"28":39,"29":37,"30":37,"31":37,"32":37,"33":36,"34":36,"35":36,"36":36,"37":14,"38":12,"39":11,"40":11,"41":13,"42":40,"43":39,"44":3,"45":3,"46":1,"47":2,"48":29,"49":29,"50":4,"51":4,"52":10,"53":1,"54":9,"55":9,"56":9,"57":4,"58":1,"59":3,"60":3,"61":3,"62":25,"63":25,"64":25,"65":25,"66":24,"67":7,"68":7,"69":7,"70":7,"71":7,"72":6,"73":6,"74":6,"75":6,"76":6,"77":6,"78":6,"79":5,"80":5,"81":35,"82":35,"83":35,"84":4,"85":31,"86":31,"87":31,"88":31,"89":29,"90":31,"91":0,"92":31,"93":0,"94":44,"95":2,"96":42,"97":42,"98":7,"99":35,"100":35,"101":35,"102":35,"103":31,"104":4,"105":4,"106":3,"107":2,"108":2,"109":35,"110":35,"111":35,"112":47,"113":44,"114":44},"b":{"1":[0,115],"2":[1,57],"3":[0,7],"4":[4,1],"5":[475,1],"6":[2,473],"7":[1,1],"8":[5,1],"9":[3,2],"10":[2,1],"11":[5,1],"12":[1,4],"13":[3,1],"14":[1,1],"15":[1,1],"16":[17,0],"17":[17,0],"18":[1,16],"19":[1,15],"20":[1,0],"21":[3,12],"22":[1,2],"23":[0,1],"24":[5,1],"25":[1,4],"26":[39,1],"27":[2,37],"28":[1,1],"29":[0,37],"30":[1,36],"31":[0,36],"32":[0,0],"33":[14,1],"34":[2,12],"35":[1,1],"36":[40,1],"37":[1,39],"38":[1,2],"39":[1,9],"40":[1,3],"41":[0,25],"42":[0,25],"43":[1,24],"44":[7,0],"45":[1,6],"46":[1,0],"47":[6,0],"48":[6,0],"49":[1,5],"50":[1,0],"51":[4,31],"52":[2,0],"53":[0,2],"54":[2,29],"55":[29,0],"56":[0,31],"57":[0,0],"58":[2,42],"59":[7,35],"60":[0,35],"61":[31,4],"62":[1,3],"63":[1,2],"64":[0,35],"65":[0,0],"66":[44,3]},"f":{"1":115,"2":58,"3":7,"4":4,"5":475,"6":5,"7":5,"8":17,"9":5,"10":39,"11":14,"12":13,"13":40,"14":3,"15":29,"16":4,"17":4,"18":10,"19":4,"20":25,"21":7,"22":35,"23":44,"24":39,"25":47},"fnMap":{"1":{"name":"constructor","line":90,"loc":{"start":{"line":90,"column":4},"end":{"line":93,"column":4}}},"2":{"name":"whenNotPaused","line":96,"loc":{"start":{"line":96,"column":4},"end":{"line":100,"column":4}}},"3":{"name":"checkRecursion","line":103,"loc":{"start":{"line":103,"column":4},"end":{"line":109,"column":4}}},"4":{"name":"setOracleMode","line":119,"loc":{"start":{"line":119,"column":4},"end":{"line":123,"column":4}}},"5":{"name":"setStalePeriod","line":130,"loc":{"start":{"line":130,"column":4},"end":{"line":141,"column":4}}},"6":{"name":"setFallbackStalePeriod","line":151,"loc":{"start":{"line":148,"column":4},"end":{"line":159,"column":4}}},"7":{"name":"setVaultRateBounds","line":172,"loc":{"start":{"line":168,"column":4},"end":{"line":180,"column":4}}},"8":{"name":"setManualPrice","line":192,"loc":{"start":{"line":189,"column":4},"end":{"line":223,"column":4}}},"9":{"name":"disableManualPrice","line":229,"loc":{"start":{"line":229,"column":4},"end":{"line":234,"column":4}}},"10":{"name":"setChainlinkFeed","line":242,"loc":{"start":{"line":242,"column":4},"end":{"line":266,"column":4}}},"11":{"name":"setERC4626Vault","line":278,"loc":{"start":{"line":275,"column":4},"end":{"line":287,"column":4}}},"12":{"name":"getPrice","line":296,"loc":{"start":{"line":296,"column":4},"end":{"line":298,"column":4}}},"13":{"name":"fetchAndUpdatePrice","line":309,"loc":{"start":{"line":307,"column":4},"end":{"line":313,"column":4}}},"14":{"name":"getPriceAge","line":320,"loc":{"start":{"line":320,"column":4},"end":{"line":324,"column":4}}},"15":{"name":"_isPriceFresh","line":331,"loc":{"start":{"line":331,"column":4},"end":{"line":335,"column":4}}},"16":{"name":"isPriceFresh","line":341,"loc":{"start":{"line":341,"column":4},"end":{"line":343,"column":4}}},"17":{"name":"getSupportedTokens","line":351,"loc":{"start":{"line":351,"column":4},"end":{"line":357,"column":4}}},"18":{"name":"toUSD","line":370,"loc":{"start":{"line":370,"column":4},"end":{"line":380,"column":4}}},"19":{"name":"fromUSD","line":388,"loc":{"start":{"line":388,"column":4},"end":{"line":397,"column":4}}},"20":{"name":"_getPrice","line":409,"loc":{"start":{"line":409,"column":4},"end":{"line":417,"column":4}}},"21":{"name":"_getVaultPrice","line":429,"loc":{"start":{"line":426,"column":4},"end":{"line":456,"column":4}}},"22":{"name":"_getChainlinkPrice","line":473,"loc":{"start":{"line":473,"column":4},"end":{"line":513,"column":4}}},"23":{"name":"_resolvePrice","line":521,"loc":{"start":{"line":521,"column":4},"end":{"line":545,"column":4}}},"24":{"name":"_fetchAndUpdatePrice","line":553,"loc":{"start":{"line":553,"column":4},"end":{"line":565,"column":4}}},"25":{"name":"_addSupportedToken","line":577,"loc":{"start":{"line":577,"column":4},"end":{"line":583,"column":4}}}},"statementMap":{"1":{"start":{"line":91,"column":8},"end":{"line":91,"column":3502}},"2":{"start":{"line":97,"column":8},"end":{"line":97,"column":3685}},"3":{"start":{"line":104,"column":8},"end":{"line":104,"column":3908}},"4":{"start":{"line":120,"column":8},"end":{"line":120,"column":33}},"5":{"start":{"line":122,"column":8},"end":{"line":122,"column":48}},"6":{"start":{"line":131,"column":8},"end":{"line":131,"column":5022}},"7":{"start":{"line":139,"column":8},"end":{"line":139,"column":58}},"8":{"start":{"line":140,"column":8},"end":{"line":140,"column":74}},"9":{"start":{"line":152,"column":8},"end":{"line":152,"column":53}},"10":{"start":{"line":153,"column":8},"end":{"line":153,"column":6019}},"11":{"start":{"line":155,"column":8},"end":{"line":155,"column":6181}},"12":{"start":{"line":158,"column":8},"end":{"line":158,"column":54}},"13":{"start":{"line":173,"column":8},"end":{"line":173,"column":6933}},"14":{"start":{"line":175,"column":8},"end":{"line":175,"column":7030}},"15":{"start":{"line":179,"column":8},"end":{"line":179,"column":56}},"16":{"start":{"line":193,"column":8},"end":{"line":193,"column":7725}},"17":{"start":{"line":195,"column":8},"end":{"line":195,"column":7809}},"18":{"start":{"line":200,"column":8},"end":{"line":200,"column":56}},"19":{"start":{"line":201,"column":8},"end":{"line":201,"column":8032}},"20":{"start":{"line":204,"column":12},"end":{"line":204,"column":8172}},"21":{"start":{"line":208,"column":12},"end":{"line":208,"column":8376}},"22":{"start":{"line":212,"column":12},"end":{"line":212,"column":8597}},"23":{"start":{"line":220,"column":8},"end":{"line":220,"column":41}},"24":{"start":{"line":221,"column":8},"end":{"line":221,"column":43}},"25":{"start":{"line":222,"column":8},"end":{"line":222,"column":65}},"26":{"start":{"line":230,"column":8},"end":{"line":230,"column":9215}},"27":{"start":{"line":233,"column":8},"end":{"line":233,"column":44}},"28":{"start":{"line":243,"column":8},"end":{"line":243,"column":9747}},"29":{"start":{"line":245,"column":8},"end":{"line":245,"column":67}},"30":{"start":{"line":247,"column":8},"end":{"line":247,"column":63}},"31":{"start":{"line":248,"column":8},"end":{"line":248,"column":39}},"32":{"start":{"line":249,"column":8},"end":{"line":249,"column":69}},"33":{"start":{"line":251,"column":8},"end":{"line":251,"column":10060}},"34":{"start":{"line":258,"column":12},"end":{"line":258,"column":79}},"35":{"start":{"line":264,"column":8},"end":{"line":264,"column":32}},"36":{"start":{"line":265,"column":8},"end":{"line":265,"column":42}},"37":{"start":{"line":279,"column":8},"end":{"line":279,"column":11040}},"38":{"start":{"line":281,"column":8},"end":{"line":281,"column":11111}},"39":{"start":{"line":285,"column":8},"end":{"line":285,"column":32}},"40":{"start":{"line":286,"column":8},"end":{"line":286,"column":49}},"41":{"start":{"line":297,"column":8},"end":{"line":297,"column":31}},"42":{"start":{"line":310,"column":8},"end":{"line":310,"column":12232}},"43":{"start":{"line":312,"column":8},"end":{"line":312,"column":42}},"44":{"start":{"line":321,"column":8},"end":{"line":321,"column":56}},"45":{"start":{"line":322,"column":8},"end":{"line":322,"column":55}},"46":{"start":{"line":322,"column":31},"end":{"line":322,"column":55}},"47":{"start":{"line":323,"column":8},"end":{"line":323,"column":45}},"48":{"start":{"line":332,"column":8},"end":{"line":332,"column":56}},"49":{"start":{"line":333,"column":8},"end":{"line":333,"column":13117}},"50":{"start":{"line":342,"column":8},"end":{"line":342,"column":35}},"51":{"start":{"line":356,"column":8},"end":{"line":356,"column":30}},"52":{"start":{"line":374,"column":8},"end":{"line":374,"column":33}},"53":{"start":{"line":374,"column":25},"end":{"line":374,"column":33}},"54":{"start":{"line":375,"column":8},"end":{"line":375,"column":57}},"55":{"start":{"line":376,"column":8},"end":{"line":376,"column":14668}},"56":{"start":{"line":378,"column":8},"end":{"line":378,"column":40}},"57":{"start":{"line":392,"column":8},"end":{"line":392,"column":36}},"58":{"start":{"line":392,"column":28},"end":{"line":392,"column":36}},"59":{"start":{"line":393,"column":8},"end":{"line":393,"column":57}},"60":{"start":{"line":394,"column":8},"end":{"line":394,"column":40}},"61":{"start":{"line":395,"column":8},"end":{"line":395,"column":73}},"62":{"start":{"line":410,"column":8},"end":{"line":410,"column":16089}},"63":{"start":{"line":412,"column":8},"end":{"line":412,"column":56}},"64":{"start":{"line":413,"column":8},"end":{"line":413,"column":56}},"65":{"start":{"line":414,"column":8},"end":{"line":414,"column":16307}},"66":{"start":{"line":416,"column":8},"end":{"line":416,"column":23}},"67":{"start":{"line":430,"column":8},"end":{"line":430,"column":62}},"68":{"start":{"line":431,"column":8},"end":{"line":431,"column":72}},"69":{"start":{"line":433,"column":8},"end":{"line":433,"column":46}},"70":{"start":{"line":434,"column":8},"end":{"line":434,"column":74}},"71":{"start":{"line":435,"column":8},"end":{"line":435,"column":17219}},"72":{"start":{"line":438,"column":8},"end":{"line":438,"column":17318}},"73":{"start":{"line":440,"column":8},"end":{"line":440,"column":17428}},"74":{"start":{"line":442,"column":8},"end":{"line":442,"column":76}},"75":{"start":{"line":444,"column":8},"end":{"line":444,"column":62}},"76":{"start":{"line":445,"column":8},"end":{"line":445,"column":17669}},"77":{"start":{"line":448,"column":8},"end":{"line":448,"column":17804}},"78":{"start":{"line":451,"column":8},"end":{"line":451,"column":17962}},"79":{"start":{"line":454,"column":8},"end":{"line":454,"column":59}},"80":{"start":{"line":455,"column":8},"end":{"line":455,"column":64}},"81":{"start":{"line":476,"column":8},"end":{"line":476,"column":44}},"82":{"start":{"line":477,"column":8},"end":{"line":477,"column":18985}},"83":{"start":{"line":484,"column":12},"end":{"line":484,"column":19210}},"84":{"start":{"line":488,"column":14},"end":{"line":488,"column":31}},"85":{"start":{"line":490,"column":12},"end":{"line":490,"column":71}},"86":{"start":{"line":491,"column":12},"end":{"line":491,"column":41}},"87":{"start":{"line":493,"column":12},"end":{"line":493,"column":27}},"88":{"start":{"line":494,"column":12},"end":{"line":494,"column":19518}},"89":{"start":{"line":496,"column":19},"end":{"line":496,"column":19594}},"90":{"start":{"line":504,"column":12},"end":{"line":504,"column":19949}},"91":{"start":{"line":507,"column":14},"end":{"line":507,"column":31}},"92":{"start":{"line":509,"column":12},"end":{"line":509,"column":34}},"93":{"start":{"line":511,"column":12},"end":{"line":511,"column":29}},"94":{"start":{"line":522,"column":8},"end":{"line":522,"column":55}},"95":{"start":{"line":522,"column":29},"end":{"line":522,"column":55}},"96":{"start":{"line":524,"column":8},"end":{"line":524,"column":53}},"97":{"start":{"line":525,"column":8},"end":{"line":525,"column":78}},"98":{"start":{"line":525,"column":38},"end":{"line":525,"column":78}},"99":{"start":{"line":527,"column":8},"end":{"line":527,"column":44}},"100":{"start":{"line":528,"column":8},"end":{"line":528,"column":57}},"101":{"start":{"line":530,"column":8},"end":{"line":530,"column":65}},"102":{"start":{"line":531,"column":8},"end":{"line":531,"column":33}},"103":{"start":{"line":531,"column":19},"end":{"line":531,"column":33}},"104":{"start":{"line":533,"column":8},"end":{"line":533,"column":56}},"105":{"start":{"line":534,"column":8},"end":{"line":534,"column":56}},"106":{"start":{"line":535,"column":8},"end":{"line":535,"column":21127}},"107":{"start":{"line":538,"column":8},"end":{"line":538,"column":21212}},"108":{"start":{"line":544,"column":8},"end":{"line":544,"column":23}},"109":{"start":{"line":557,"column":8},"end":{"line":557,"column":21820}},"110":{"start":{"line":563,"column":8},"end":{"line":563,"column":65}},"111":{"start":{"line":564,"column":8},"end":{"line":564,"column":20}},"112":{"start":{"line":578,"column":8},"end":{"line":578,"column":22653}},"113":{"start":{"line":579,"column":12},"end":{"line":579,"column":38}},"114":{"start":{"line":581,"column":12},"end":{"line":581,"column":41}}},"branchMap":{"1":{"line":91,"type":"if","locations":[{"start":{"line":91,"column":8},"end":{"line":91,"column":8}},{"start":{"line":91,"column":8},"end":{"line":91,"column":8}}]},"2":{"line":97,"type":"if","locations":[{"start":{"line":97,"column":8},"end":{"line":97,"column":8}},{"start":{"line":97,"column":8},"end":{"line":97,"column":8}}]},"3":{"line":104,"type":"if","locations":[{"start":{"line":104,"column":8},"end":{"line":104,"column":8}},{"start":{"line":104,"column":8},"end":{"line":104,"column":8}}]},"4":{"line":119,"type":"if","locations":[{"start":{"line":119,"column":56},"end":{"line":119,"column":56}},{"start":{"line":119,"column":56},"end":{"line":119,"column":56}}]},"5":{"line":130,"type":"if","locations":[{"start":{"line":130,"column":68},"end":{"line":130,"column":68}},{"start":{"line":130,"column":68},"end":{"line":130,"column":68}}]},"6":{"line":131,"type":"if","locations":[{"start":{"line":131,"column":8},"end":{"line":131,"column":8}},{"start":{"line":131,"column":8},"end":{"line":131,"column":8}}]},"7":{"line":132,"type":"cond-expr","locations":[{"start":{"line":132,"column":12},"end":{"line":132,"column":62}},{"start":{"line":133,"column":12},"end":{"line":133,"column":62}}]},"8":{"line":151,"type":"if","locations":[{"start":{"line":151,"column":15},"end":{"line":151,"column":15}},{"start":{"line":151,"column":15},"end":{"line":151,"column":15}}]},"9":{"line":155,"type":"if","locations":[{"start":{"line":155,"column":8},"end":{"line":155,"column":8}},{"start":{"line":155,"column":8},"end":{"line":155,"column":8}}]},"10":{"line":155,"type":"cond-expr","locations":[{"start":{"line":155,"column":12},"end":{"line":155,"column":36}},{"start":{"line":155,"column":41},"end":{"line":155,"column":66}}]},"11":{"line":172,"type":"if","locations":[{"start":{"line":172,"column":15},"end":{"line":172,"column":15}},{"start":{"line":172,"column":15},"end":{"line":172,"column":15}}]},"12":{"line":173,"type":"if","locations":[{"start":{"line":173,"column":8},"end":{"line":173,"column":8}},{"start":{"line":173,"column":8},"end":{"line":173,"column":8}}]},"13":{"line":175,"type":"if","locations":[{"start":{"line":175,"column":8},"end":{"line":175,"column":8}},{"start":{"line":175,"column":8},"end":{"line":175,"column":8}}]},"14":{"line":175,"type":"cond-expr","locations":[{"start":{"line":175,"column":12},"end":{"line":175,"column":23}},{"start":{"line":175,"column":28},"end":{"line":175,"column":45}}]},"15":{"line":175,"type":"cond-expr","locations":[{"start":{"line":175,"column":12},"end":{"line":175,"column":45}},{"start":{"line":175,"column":50},"end":{"line":175,"column":65}}]},"16":{"line":192,"type":"if","locations":[{"start":{"line":192,"column":15},"end":{"line":192,"column":15}},{"start":{"line":192,"column":15},"end":{"line":192,"column":15}}]},"17":{"line":192,"type":"if","locations":[{"start":{"line":192,"column":25},"end":{"line":192,"column":25}},{"start":{"line":192,"column":25},"end":{"line":192,"column":25}}]},"18":{"line":193,"type":"if","locations":[{"start":{"line":193,"column":8},"end":{"line":193,"column":8}},{"start":{"line":193,"column":8},"end":{"line":193,"column":8}}]},"19":{"line":195,"type":"if","locations":[{"start":{"line":195,"column":8},"end":{"line":195,"column":8}},{"start":{"line":195,"column":8},"end":{"line":195,"column":8}}]},"20":{"line":196,"type":"cond-expr","locations":[{"start":{"line":196,"column":12},"end":{"line":196,"column":67}},{"start":{"line":197,"column":12},"end":{"line":197,"column":67}}]},"21":{"line":201,"type":"if","locations":[{"start":{"line":201,"column":8},"end":{"line":201,"column":8}},{"start":{"line":201,"column":8},"end":{"line":201,"column":8}}]},"22":{"line":212,"type":"if","locations":[{"start":{"line":212,"column":12},"end":{"line":212,"column":12}},{"start":{"line":212,"column":12},"end":{"line":212,"column":12}}]},"23":{"line":212,"type":"cond-expr","locations":[{"start":{"line":212,"column":16},"end":{"line":212,"column":33}},{"start":{"line":212,"column":38},"end":{"line":212,"column":55}}]},"24":{"line":229,"type":"if","locations":[{"start":{"line":229,"column":56},"end":{"line":229,"column":56}},{"start":{"line":229,"column":56},"end":{"line":229,"column":56}}]},"25":{"line":230,"type":"if","locations":[{"start":{"line":230,"column":8},"end":{"line":230,"column":8}},{"start":{"line":230,"column":8},"end":{"line":230,"column":8}}]},"26":{"line":242,"type":"if","locations":[{"start":{"line":242,"column":68},"end":{"line":242,"column":68}},{"start":{"line":242,"column":68},"end":{"line":242,"column":68}}]},"27":{"line":243,"type":"if","locations":[{"start":{"line":243,"column":8},"end":{"line":243,"column":8}},{"start":{"line":243,"column":8},"end":{"line":243,"column":8}}]},"28":{"line":243,"type":"cond-expr","locations":[{"start":{"line":243,"column":12},"end":{"line":243,"column":30}},{"start":{"line":243,"column":35},"end":{"line":243,"column":52}}]},"29":{"line":245,"type":"if","locations":[{"start":{"line":245,"column":8},"end":{"line":245,"column":8}},{"start":{"line":245,"column":8},"end":{"line":245,"column":8}}]},"30":{"line":249,"type":"if","locations":[{"start":{"line":249,"column":8},"end":{"line":249,"column":8}},{"start":{"line":249,"column":8},"end":{"line":249,"column":8}}]},"31":{"line":258,"type":"if","locations":[{"start":{"line":258,"column":12},"end":{"line":258,"column":12}},{"start":{"line":258,"column":12},"end":{"line":258,"column":12}}]},"32":{"line":258,"type":"cond-expr","locations":[{"start":{"line":258,"column":16},"end":{"line":258,"column":26}},{"start":{"line":258,"column":31},"end":{"line":258,"column":44}}]},"33":{"line":278,"type":"if","locations":[{"start":{"line":278,"column":15},"end":{"line":278,"column":15}},{"start":{"line":278,"column":15},"end":{"line":278,"column":15}}]},"34":{"line":279,"type":"if","locations":[{"start":{"line":279,"column":8},"end":{"line":279,"column":8}},{"start":{"line":279,"column":8},"end":{"line":279,"column":8}}]},"35":{"line":279,"type":"cond-expr","locations":[{"start":{"line":279,"column":12},"end":{"line":279,"column":30}},{"start":{"line":279,"column":35},"end":{"line":279,"column":58}}]},"36":{"line":309,"type":"if","locations":[{"start":{"line":309,"column":15},"end":{"line":309,"column":15}},{"start":{"line":309,"column":15},"end":{"line":309,"column":15}}]},"37":{"line":310,"type":"if","locations":[{"start":{"line":310,"column":8},"end":{"line":310,"column":8}},{"start":{"line":310,"column":8},"end":{"line":310,"column":8}}]},"38":{"line":322,"type":"if","locations":[{"start":{"line":322,"column":8},"end":{"line":322,"column":8}},{"start":{"line":322,"column":8},"end":{"line":322,"column":8}}]},"39":{"line":374,"type":"if","locations":[{"start":{"line":374,"column":8},"end":{"line":374,"column":8}},{"start":{"line":374,"column":8},"end":{"line":374,"column":8}}]},"40":{"line":392,"type":"if","locations":[{"start":{"line":392,"column":8},"end":{"line":392,"column":8}},{"start":{"line":392,"column":8},"end":{"line":392,"column":8}}]},"41":{"line":410,"type":"if","locations":[{"start":{"line":410,"column":8},"end":{"line":410,"column":8}},{"start":{"line":410,"column":8},"end":{"line":410,"column":8}}]},"42":{"line":413,"type":"if","locations":[{"start":{"line":413,"column":8},"end":{"line":413,"column":8}},{"start":{"line":413,"column":8},"end":{"line":413,"column":8}}]},"43":{"line":414,"type":"if","locations":[{"start":{"line":414,"column":8},"end":{"line":414,"column":8}},{"start":{"line":414,"column":8},"end":{"line":414,"column":8}}]},"44":{"line":429,"type":"if","locations":[{"start":{"line":429,"column":15},"end":{"line":429,"column":15}},{"start":{"line":429,"column":15},"end":{"line":429,"column":15}}]},"45":{"line":435,"type":"if","locations":[{"start":{"line":435,"column":8},"end":{"line":435,"column":8}},{"start":{"line":435,"column":8},"end":{"line":435,"column":8}}]},"46":{"line":435,"type":"cond-expr","locations":[{"start":{"line":435,"column":12},"end":{"line":435,"column":30}},{"start":{"line":435,"column":35},"end":{"line":435,"column":55}}]},"47":{"line":446,"type":"if","locations":[{"start":{"line":446,"column":14},"end":{"line":446,"column":57}},{"start":{"line":447,"column":14},"end":{"line":447,"column":27}}]},"48":{"line":449,"type":"if","locations":[{"start":{"line":449,"column":14},"end":{"line":449,"column":57}},{"start":{"line":450,"column":14},"end":{"line":450,"column":27}}]},"49":{"line":451,"type":"if","locations":[{"start":{"line":451,"column":8},"end":{"line":451,"column":8}},{"start":{"line":451,"column":8},"end":{"line":451,"column":8}}]},"50":{"line":451,"type":"cond-expr","locations":[{"start":{"line":451,"column":12},"end":{"line":451,"column":25}},{"start":{"line":451,"column":30},"end":{"line":451,"column":43}}]},"51":{"line":484,"type":"if","locations":[{"start":{"line":484,"column":12},"end":{"line":484,"column":12}},{"start":{"line":484,"column":12},"end":{"line":484,"column":12}}]},"52":{"line":485,"type":"cond-expr","locations":[{"start":{"line":485,"column":16},"end":{"line":485,"column":26}},{"start":{"line":486,"column":16},"end":{"line":486,"column":29}}]},"53":{"line":485,"type":"cond-expr","locations":[{"start":{"line":485,"column":16},"end":{"line":486,"column":29}},{"start":{"line":487,"column":16},"end":{"line":487,"column":63}}]},"54":{"line":494,"type":"if","locations":[{"start":{"line":494,"column":12},"end":{"line":494,"column":12}},{"start":{"line":494,"column":12},"end":{"line":494,"column":12}}]},"55":{"line":496,"type":"if","locations":[{"start":{"line":496,"column":19},"end":{"line":496,"column":19}},{"start":{"line":496,"column":19},"end":{"line":496,"column":19}}]},"56":{"line":504,"type":"if","locations":[{"start":{"line":504,"column":12},"end":{"line":504,"column":12}},{"start":{"line":504,"column":12},"end":{"line":504,"column":12}}]},"57":{"line":505,"type":"cond-expr","locations":[{"start":{"line":505,"column":16},"end":{"line":505,"column":73}},{"start":{"line":506,"column":16},"end":{"line":506,"column":73}}]},"58":{"line":522,"type":"if","locations":[{"start":{"line":522,"column":8},"end":{"line":522,"column":8}},{"start":{"line":522,"column":8},"end":{"line":522,"column":8}}]},"59":{"line":525,"type":"if","locations":[{"start":{"line":525,"column":8},"end":{"line":525,"column":8}},{"start":{"line":525,"column":8},"end":{"line":525,"column":8}}]},"60":{"line":528,"type":"if","locations":[{"start":{"line":528,"column":8},"end":{"line":528,"column":8}},{"start":{"line":528,"column":8},"end":{"line":528,"column":8}}]},"61":{"line":531,"type":"if","locations":[{"start":{"line":531,"column":8},"end":{"line":531,"column":8}},{"start":{"line":531,"column":8},"end":{"line":531,"column":8}}]},"62":{"line":534,"type":"if","locations":[{"start":{"line":534,"column":8},"end":{"line":534,"column":8}},{"start":{"line":534,"column":8},"end":{"line":534,"column":8}}]},"63":{"line":535,"type":"if","locations":[{"start":{"line":535,"column":8},"end":{"line":535,"column":8}},{"start":{"line":535,"column":8},"end":{"line":535,"column":8}}]},"64":{"line":557,"type":"if","locations":[{"start":{"line":557,"column":8},"end":{"line":557,"column":8}},{"start":{"line":557,"column":8},"end":{"line":557,"column":8}}]},"65":{"line":558,"type":"cond-expr","locations":[{"start":{"line":558,"column":12},"end":{"line":558,"column":67}},{"start":{"line":559,"column":12},"end":{"line":559,"column":67}}]},"66":{"line":578,"type":"if","locations":[{"start":{"line":578,"column":8},"end":{"line":578,"column":8}},{"start":{"line":578,"column":8},"end":{"line":578,"column":8}}]}}},"contracts/errors/UBKOracleErrors.sol":{"l":{},"path":"/Users/nischinth/Desktop/Gala.Fi/ubk-oracle/contracts/errors/UBKOracleErrors.sol","s":{},"b":{},"f":{},"fnMap":{},"statementMap":{},"branchMap":{}},"contracts/imports/UBKImports.sol":{"l":{},"path":"/Users/nischinth/Desktop/Gala.Fi/ubk-oracle/contracts/imports/UBKImports.sol","s":{},"b":{},"f":{},"fnMap":{},"statementMap":{},"branchMap":{}}}