{"contracts/constants/UBKOracleConstants.sol":{"l":{},"path":"/Users/nischinth/Desktop/Gala.Fi/ubk-oracle/contracts/constants/UBKOracleConstants.sol","s":{},"b":{},"f":{},"fnMap":{},"statementMap":{},"branchMap":{}},"contracts/core/UBKOracle.sol":{"l":{"95":78,"96":2,"97":76,"102":7,"103":0,"104":7,"105":7,"106":5,"118":5,"119":5,"120":5,"129":535,"133":533,"134":533,"137":533,"138":533,"150":5,"151":5,"153":5,"154":3,"155":2,"156":2,"171":5,"172":1,"173":4,"174":3,"176":1,"177":1,"191":17,"192":1,"193":16,"198":15,"199":15,"202":3,"206":3,"210":3,"211":1,"214":14,"215":14,"216":14,"218":14,"219":14,"220":14,"228":5,"229":1,"230":4,"231":4,"241":54,"243":52,"244":52,"245":52,"247":51,"254":51,"256":0,"258":51,"259":51,"260":51,"261":51,"275":14,"276":11,"277":11,"278":11,"289":22,"302":55,"303":1,"304":54,"321":4,"322":4,"324":4,"325":12,"326":12,"327":0,"333":12,"343":3,"344":3,"345":2,"353":4,"367":4,"385":10,"386":9,"387":9,"389":9,"390":9,"403":4,"404":3,"405":3,"406":3,"407":3,"421":34,"422":0,"423":34,"424":34,"425":34,"426":1,"427":33,"436":38,"437":38,"453":7,"454":7,"456":7,"457":7,"458":7,"459":1,"461":6,"463":6,"465":6,"467":6,"468":6,"471":6,"474":6,"475":1,"477":5,"478":5,"499":62,"500":62,"507":62,"513":57,"514":57,"516":57,"517":57,"518":2,"521":55,"524":0,"527":57,"532":57,"534":0,"545":71,"547":69,"548":69,"550":62,"551":62,"553":62,"554":62,"556":5,"557":5,"558":4,"559":1,"561":3,"567":3,"579":66,"580":62,"585":62,"586":62,"587":62,"601":62,"602":59,"603":59,"604":59,"615":54,"616":1,"617":53,"618":1,"619":52,"620":52,"633":14,"634":1,"635":13,"636":1,"641":12,"642":1,"644":11,"645":11,"647":11,"648":0},"path":"/Users/nischinth/Desktop/Gala.Fi/ubk-oracle/contracts/core/UBKOracle.sol","s":{"1":78,"2":7,"3":5,"4":5,"5":535,"6":533,"7":533,"8":5,"9":5,"10":5,"11":2,"12":5,"13":4,"14":1,"15":17,"16":16,"17":15,"18":15,"19":3,"20":3,"21":3,"22":14,"23":14,"24":14,"25":5,"26":4,"27":54,"28":52,"29":52,"30":52,"31":51,"32":51,"33":51,"34":51,"35":14,"36":11,"37":11,"38":22,"39":55,"40":54,"41":4,"42":4,"43":12,"44":12,"45":3,"46":3,"47":1,"48":2,"49":4,"50":4,"51":10,"52":1,"53":9,"54":9,"55":9,"56":4,"57":1,"58":3,"59":3,"60":3,"61":34,"62":34,"63":34,"64":34,"65":33,"66":38,"67":38,"68":7,"69":7,"70":7,"71":7,"72":7,"73":6,"74":6,"75":6,"76":6,"77":6,"78":6,"79":6,"80":5,"81":5,"82":62,"83":62,"84":62,"85":5,"86":57,"87":57,"88":57,"89":57,"90":55,"91":57,"92":0,"93":57,"94":0,"95":71,"96":2,"97":69,"98":69,"99":7,"100":62,"101":62,"102":62,"103":62,"104":57,"105":5,"106":5,"107":4,"108":3,"109":3,"110":62,"111":62,"112":62,"113":62,"114":59,"115":59,"116":54,"117":53,"118":52,"119":52,"120":14,"121":13,"122":12,"123":11,"124":11,"125":11},"b":{"1":[2,76],"2":[0,7],"3":[5,1],"4":[535,1],"5":[2,533],"6":[1,1],"7":[5,1],"8":[3,2],"9":[2,1],"10":[5,1],"11":[1,4],"12":[3,1],"13":[1,1],"14":[1,1],"15":[17,0],"16":[17,0],"17":[1,16],"18":[1,15],"19":[1,0],"20":[3,12],"21":[1,2],"22":[0,1],"23":[5,1],"24":[1,4],"25":[54,1],"26":[1,51],"27":[0,51],"28":[0,0],"29":[14,1],"30":[55,1],"31":[1,54],"32":[4,1],"33":[0,12],"34":[1,2],"35":[1,9],"36":[1,3],"37":[0,34],"38":[0,34],"39":[1,33],"40":[7,0],"41":[1,6],"42":[1,0],"43":[6,0],"44":[6,0],"45":[1,5],"46":[1,0],"47":[5,57],"48":[3,0],"49":[0,2],"50":[2,55],"51":[55,0],"52":[0,57],"53":[0,0],"54":[2,69],"55":[7,62],"56":[0,62],"57":[57,5],"58":[1,4],"59":[1,3],"60":[0,62],"61":[0,0],"62":[59,3],"63":[1,53],"64":[1,52],"65":[0,52],"66":[1,13],"67":[1,12],"68":[0,11]},"f":{"1":130,"2":78,"3":7,"4":5,"5":535,"6":5,"7":5,"8":17,"9":5,"10":54,"11":14,"12":22,"13":55,"14":4,"15":3,"16":4,"17":4,"18":10,"19":4,"20":34,"21":38,"22":7,"23":62,"24":71,"25":66,"26":62,"27":54,"28":14},"fnMap":{"1":{"name":"constructor","line":91,"loc":{"start":{"line":91,"column":4},"end":{"line":91,"column":49}}},"2":{"name":"whenNotPaused","line":94,"loc":{"start":{"line":94,"column":4},"end":{"line":98,"column":4}}},"3":{"name":"checkRecursion","line":101,"loc":{"start":{"line":101,"column":4},"end":{"line":107,"column":4}}},"4":{"name":"setOracleMode","line":117,"loc":{"start":{"line":117,"column":4},"end":{"line":121,"column":4}}},"5":{"name":"setStalePeriod","line":128,"loc":{"start":{"line":128,"column":4},"end":{"line":139,"column":4}}},"6":{"name":"setFallbackStalePeriod","line":149,"loc":{"start":{"line":146,"column":4},"end":{"line":157,"column":4}}},"7":{"name":"setVaultRateBounds","line":170,"loc":{"start":{"line":166,"column":4},"end":{"line":178,"column":4}}},"8":{"name":"setManualPrice","line":190,"loc":{"start":{"line":187,"column":4},"end":{"line":221,"column":4}}},"9":{"name":"disableManualPrice","line":227,"loc":{"start":{"line":227,"column":4},"end":{"line":232,"column":4}}},"10":{"name":"setChainlinkFeed","line":240,"loc":{"start":{"line":240,"column":4},"end":{"line":262,"column":4}}},"11":{"name":"setERC4626Vault","line":274,"loc":{"start":{"line":271,"column":4},"end":{"line":279,"column":4}}},"12":{"name":"getPrice","line":288,"loc":{"start":{"line":288,"column":4},"end":{"line":290,"column":4}}},"13":{"name":"fetchAndUpdatePrice","line":301,"loc":{"start":{"line":299,"column":4},"end":{"line":305,"column":4}}},"14":{"name":"fetchAndUpdatePrice","line":320,"loc":{"start":{"line":318,"column":4},"end":{"line":335,"column":4}}},"15":{"name":"getPriceAge","line":342,"loc":{"start":{"line":342,"column":4},"end":{"line":346,"column":4}}},"16":{"name":"isPriceFresh","line":352,"loc":{"start":{"line":352,"column":4},"end":{"line":354,"column":4}}},"17":{"name":"getSupportedTokens","line":362,"loc":{"start":{"line":362,"column":4},"end":{"line":368,"column":4}}},"18":{"name":"toUSD","line":381,"loc":{"start":{"line":381,"column":4},"end":{"line":391,"column":4}}},"19":{"name":"fromUSD","line":399,"loc":{"start":{"line":399,"column":4},"end":{"line":408,"column":4}}},"20":{"name":"_getPrice","line":420,"loc":{"start":{"line":420,"column":4},"end":{"line":428,"column":4}}},"21":{"name":"_isPriceFresh","line":435,"loc":{"start":{"line":435,"column":4},"end":{"line":439,"column":4}}},"22":{"name":"_getVaultPrice","line":452,"loc":{"start":{"line":449,"column":4},"end":{"line":479,"column":4}}},"23":{"name":"_getChainlinkPrice","line":496,"loc":{"start":{"line":496,"column":4},"end":{"line":536,"column":4}}},"24":{"name":"_resolvePrice","line":544,"loc":{"start":{"line":544,"column":4},"end":{"line":568,"column":4}}},"25":{"name":"_fetchAndUpdatePrice","line":576,"loc":{"start":{"line":576,"column":4},"end":{"line":588,"column":4}}},"26":{"name":"_addSupportedToken","line":600,"loc":{"start":{"line":600,"column":4},"end":{"line":606,"column":4}}},"27":{"name":"_validateChainlinkFeed","line":614,"loc":{"start":{"line":614,"column":4},"end":{"line":621,"column":4}}},"28":{"name":"_validateERC4626Vault","line":629,"loc":{"start":{"line":629,"column":4},"end":{"line":654,"column":4}}}},"statementMap":{"1":{"start":{"line":95,"column":8},"end":{"line":95,"column":3673}},"2":{"start":{"line":102,"column":8},"end":{"line":102,"column":3896}},"3":{"start":{"line":118,"column":8},"end":{"line":118,"column":33}},"4":{"start":{"line":120,"column":8},"end":{"line":120,"column":48}},"5":{"start":{"line":129,"column":8},"end":{"line":129,"column":5010}},"6":{"start":{"line":137,"column":8},"end":{"line":137,"column":58}},"7":{"start":{"line":138,"column":8},"end":{"line":138,"column":74}},"8":{"start":{"line":150,"column":8},"end":{"line":150,"column":53}},"9":{"start":{"line":151,"column":8},"end":{"line":151,"column":6007}},"10":{"start":{"line":153,"column":8},"end":{"line":153,"column":6169}},"11":{"start":{"line":156,"column":8},"end":{"line":156,"column":54}},"12":{"start":{"line":171,"column":8},"end":{"line":171,"column":6921}},"13":{"start":{"line":173,"column":8},"end":{"line":173,"column":7018}},"14":{"start":{"line":177,"column":8},"end":{"line":177,"column":56}},"15":{"start":{"line":191,"column":8},"end":{"line":191,"column":7713}},"16":{"start":{"line":193,"column":8},"end":{"line":193,"column":7797}},"17":{"start":{"line":198,"column":8},"end":{"line":198,"column":56}},"18":{"start":{"line":199,"column":8},"end":{"line":199,"column":8020}},"19":{"start":{"line":202,"column":12},"end":{"line":202,"column":8160}},"20":{"start":{"line":206,"column":12},"end":{"line":206,"column":8364}},"21":{"start":{"line":210,"column":12},"end":{"line":210,"column":8585}},"22":{"start":{"line":218,"column":8},"end":{"line":218,"column":41}},"23":{"start":{"line":219,"column":8},"end":{"line":219,"column":43}},"24":{"start":{"line":220,"column":8},"end":{"line":220,"column":65}},"25":{"start":{"line":228,"column":8},"end":{"line":228,"column":9203}},"26":{"start":{"line":231,"column":8},"end":{"line":231,"column":44}},"27":{"start":{"line":241,"column":8},"end":{"line":241,"column":42}},"28":{"start":{"line":243,"column":8},"end":{"line":243,"column":63}},"29":{"start":{"line":244,"column":8},"end":{"line":244,"column":39}},"30":{"start":{"line":245,"column":8},"end":{"line":245,"column":69}},"31":{"start":{"line":247,"column":8},"end":{"line":247,"column":9897}},"32":{"start":{"line":254,"column":12},"end":{"line":254,"column":79}},"33":{"start":{"line":260,"column":8},"end":{"line":260,"column":32}},"34":{"start":{"line":261,"column":8},"end":{"line":261,"column":42}},"35":{"start":{"line":275,"column":8},"end":{"line":275,"column":47}},"36":{"start":{"line":277,"column":8},"end":{"line":277,"column":32}},"37":{"start":{"line":278,"column":8},"end":{"line":278,"column":49}},"38":{"start":{"line":289,"column":8},"end":{"line":289,"column":31}},"39":{"start":{"line":302,"column":8},"end":{"line":302,"column":11865}},"40":{"start":{"line":304,"column":8},"end":{"line":304,"column":42}},"41":{"start":{"line":321,"column":8},"end":{"line":321,"column":35}},"42":{"start":{"line":324,"column":8},"end":{"line":324,"column":12613}},"43":{"start":{"line":325,"column":12},"end":{"line":325,"column":37}},"44":{"start":{"line":326,"column":12},"end":{"line":326,"column":12704}},"45":{"start":{"line":343,"column":8},"end":{"line":343,"column":56}},"46":{"start":{"line":344,"column":8},"end":{"line":344,"column":55}},"47":{"start":{"line":344,"column":31},"end":{"line":344,"column":55}},"48":{"start":{"line":345,"column":8},"end":{"line":345,"column":45}},"49":{"start":{"line":353,"column":8},"end":{"line":353,"column":35}},"50":{"start":{"line":367,"column":8},"end":{"line":367,"column":30}},"51":{"start":{"line":385,"column":8},"end":{"line":385,"column":33}},"52":{"start":{"line":385,"column":25},"end":{"line":385,"column":33}},"53":{"start":{"line":386,"column":8},"end":{"line":386,"column":57}},"54":{"start":{"line":387,"column":8},"end":{"line":387,"column":14870}},"55":{"start":{"line":389,"column":8},"end":{"line":389,"column":40}},"56":{"start":{"line":403,"column":8},"end":{"line":403,"column":36}},"57":{"start":{"line":403,"column":28},"end":{"line":403,"column":36}},"58":{"start":{"line":404,"column":8},"end":{"line":404,"column":57}},"59":{"start":{"line":405,"column":8},"end":{"line":405,"column":40}},"60":{"start":{"line":406,"column":8},"end":{"line":406,"column":73}},"61":{"start":{"line":421,"column":8},"end":{"line":421,"column":16291}},"62":{"start":{"line":423,"column":8},"end":{"line":423,"column":56}},"63":{"start":{"line":424,"column":8},"end":{"line":424,"column":56}},"64":{"start":{"line":425,"column":8},"end":{"line":425,"column":16509}},"65":{"start":{"line":427,"column":8},"end":{"line":427,"column":23}},"66":{"start":{"line":436,"column":8},"end":{"line":436,"column":56}},"67":{"start":{"line":437,"column":8},"end":{"line":437,"column":16966}},"68":{"start":{"line":453,"column":8},"end":{"line":453,"column":62}},"69":{"start":{"line":454,"column":8},"end":{"line":454,"column":72}},"70":{"start":{"line":456,"column":8},"end":{"line":456,"column":46}},"71":{"start":{"line":457,"column":8},"end":{"line":457,"column":74}},"72":{"start":{"line":458,"column":8},"end":{"line":458,"column":17856}},"73":{"start":{"line":461,"column":8},"end":{"line":461,"column":17955}},"74":{"start":{"line":463,"column":8},"end":{"line":463,"column":18065}},"75":{"start":{"line":465,"column":8},"end":{"line":465,"column":76}},"76":{"start":{"line":467,"column":8},"end":{"line":467,"column":62}},"77":{"start":{"line":468,"column":8},"end":{"line":468,"column":18306}},"78":{"start":{"line":471,"column":8},"end":{"line":471,"column":18441}},"79":{"start":{"line":474,"column":8},"end":{"line":474,"column":18599}},"80":{"start":{"line":477,"column":8},"end":{"line":477,"column":59}},"81":{"start":{"line":478,"column":8},"end":{"line":478,"column":64}},"82":{"start":{"line":499,"column":8},"end":{"line":499,"column":44}},"83":{"start":{"line":500,"column":8},"end":{"line":500,"column":19622}},"84":{"start":{"line":507,"column":12},"end":{"line":507,"column":19847}},"85":{"start":{"line":511,"column":14},"end":{"line":511,"column":31}},"86":{"start":{"line":513,"column":12},"end":{"line":513,"column":71}},"87":{"start":{"line":514,"column":12},"end":{"line":514,"column":41}},"88":{"start":{"line":516,"column":12},"end":{"line":516,"column":27}},"89":{"start":{"line":517,"column":12},"end":{"line":517,"column":20155}},"90":{"start":{"line":519,"column":19},"end":{"line":519,"column":20231}},"91":{"start":{"line":527,"column":12},"end":{"line":527,"column":20586}},"92":{"start":{"line":530,"column":14},"end":{"line":530,"column":31}},"93":{"start":{"line":532,"column":12},"end":{"line":532,"column":34}},"94":{"start":{"line":534,"column":12},"end":{"line":534,"column":29}},"95":{"start":{"line":545,"column":8},"end":{"line":545,"column":55}},"96":{"start":{"line":545,"column":29},"end":{"line":545,"column":55}},"97":{"start":{"line":547,"column":8},"end":{"line":547,"column":53}},"98":{"start":{"line":548,"column":8},"end":{"line":548,"column":78}},"99":{"start":{"line":548,"column":38},"end":{"line":548,"column":78}},"100":{"start":{"line":550,"column":8},"end":{"line":550,"column":44}},"101":{"start":{"line":551,"column":8},"end":{"line":551,"column":57}},"102":{"start":{"line":553,"column":8},"end":{"line":553,"column":65}},"103":{"start":{"line":554,"column":8},"end":{"line":554,"column":33}},"104":{"start":{"line":554,"column":19},"end":{"line":554,"column":33}},"105":{"start":{"line":556,"column":8},"end":{"line":556,"column":56}},"106":{"start":{"line":557,"column":8},"end":{"line":557,"column":56}},"107":{"start":{"line":558,"column":8},"end":{"line":558,"column":21764}},"108":{"start":{"line":561,"column":8},"end":{"line":561,"column":21849}},"109":{"start":{"line":567,"column":8},"end":{"line":567,"column":23}},"110":{"start":{"line":580,"column":8},"end":{"line":580,"column":22457}},"111":{"start":{"line":586,"column":8},"end":{"line":586,"column":65}},"112":{"start":{"line":587,"column":8},"end":{"line":587,"column":20}},"113":{"start":{"line":601,"column":8},"end":{"line":601,"column":23290}},"114":{"start":{"line":602,"column":12},"end":{"line":602,"column":38}},"115":{"start":{"line":604,"column":12},"end":{"line":604,"column":41}},"116":{"start":{"line":615,"column":8},"end":{"line":615,"column":23898}},"117":{"start":{"line":617,"column":8},"end":{"line":617,"column":24002}},"118":{"start":{"line":619,"column":8},"end":{"line":619,"column":67}},"119":{"start":{"line":620,"column":8},"end":{"line":620,"column":36}},"120":{"start":{"line":633,"column":8},"end":{"line":633,"column":24591}},"121":{"start":{"line":635,"column":8},"end":{"line":635,"column":24634}},"122":{"start":{"line":641,"column":8},"end":{"line":641,"column":24812}},"123":{"start":{"line":644,"column":8},"end":{"line":644,"column":59}},"124":{"start":{"line":645,"column":8},"end":{"line":645,"column":69}},"125":{"start":{"line":647,"column":8},"end":{"line":647,"column":25119}}},"branchMap":{"1":{"line":95,"type":"if","locations":[{"start":{"line":95,"column":8},"end":{"line":95,"column":8}},{"start":{"line":95,"column":8},"end":{"line":95,"column":8}}]},"2":{"line":102,"type":"if","locations":[{"start":{"line":102,"column":8},"end":{"line":102,"column":8}},{"start":{"line":102,"column":8},"end":{"line":102,"column":8}}]},"3":{"line":117,"type":"if","locations":[{"start":{"line":117,"column":56},"end":{"line":117,"column":56}},{"start":{"line":117,"column":56},"end":{"line":117,"column":56}}]},"4":{"line":128,"type":"if","locations":[{"start":{"line":128,"column":68},"end":{"line":128,"column":68}},{"start":{"line":128,"column":68},"end":{"line":128,"column":68}}]},"5":{"line":129,"type":"if","locations":[{"start":{"line":129,"column":8},"end":{"line":129,"column":8}},{"start":{"line":129,"column":8},"end":{"line":129,"column":8}}]},"6":{"line":130,"type":"cond-expr","locations":[{"start":{"line":130,"column":12},"end":{"line":130,"column":62}},{"start":{"line":131,"column":12},"end":{"line":131,"column":62}}]},"7":{"line":149,"type":"if","locations":[{"start":{"line":149,"column":15},"end":{"line":149,"column":15}},{"start":{"line":149,"column":15},"end":{"line":149,"column":15}}]},"8":{"line":153,"type":"if","locations":[{"start":{"line":153,"column":8},"end":{"line":153,"column":8}},{"start":{"line":153,"column":8},"end":{"line":153,"column":8}}]},"9":{"line":153,"type":"cond-expr","locations":[{"start":{"line":153,"column":12},"end":{"line":153,"column":36}},{"start":{"line":153,"column":41},"end":{"line":153,"column":66}}]},"10":{"line":170,"type":"if","locations":[{"start":{"line":170,"column":15},"end":{"line":170,"column":15}},{"start":{"line":170,"column":15},"end":{"line":170,"column":15}}]},"11":{"line":171,"type":"if","locations":[{"start":{"line":171,"column":8},"end":{"line":171,"column":8}},{"start":{"line":171,"column":8},"end":{"line":171,"column":8}}]},"12":{"line":173,"type":"if","locations":[{"start":{"line":173,"column":8},"end":{"line":173,"column":8}},{"start":{"line":173,"column":8},"end":{"line":173,"column":8}}]},"13":{"line":173,"type":"cond-expr","locations":[{"start":{"line":173,"column":12},"end":{"line":173,"column":23}},{"start":{"line":173,"column":28},"end":{"line":173,"column":45}}]},"14":{"line":173,"type":"cond-expr","locations":[{"start":{"line":173,"column":12},"end":{"line":173,"column":45}},{"start":{"line":173,"column":50},"end":{"line":173,"column":65}}]},"15":{"line":190,"type":"if","locations":[{"start":{"line":190,"column":15},"end":{"line":190,"column":15}},{"start":{"line":190,"column":15},"end":{"line":190,"column":15}}]},"16":{"line":190,"type":"if","locations":[{"start":{"line":190,"column":25},"end":{"line":190,"column":25}},{"start":{"line":190,"column":25},"end":{"line":190,"column":25}}]},"17":{"line":191,"type":"if","locations":[{"start":{"line":191,"column":8},"end":{"line":191,"column":8}},{"start":{"line":191,"column":8},"end":{"line":191,"column":8}}]},"18":{"line":193,"type":"if","locations":[{"start":{"line":193,"column":8},"end":{"line":193,"column":8}},{"start":{"line":193,"column":8},"end":{"line":193,"column":8}}]},"19":{"line":194,"type":"cond-expr","locations":[{"start":{"line":194,"column":12},"end":{"line":194,"column":67}},{"start":{"line":195,"column":12},"end":{"line":195,"column":67}}]},"20":{"line":199,"type":"if","locations":[{"start":{"line":199,"column":8},"end":{"line":199,"column":8}},{"start":{"line":199,"column":8},"end":{"line":199,"column":8}}]},"21":{"line":210,"type":"if","locations":[{"start":{"line":210,"column":12},"end":{"line":210,"column":12}},{"start":{"line":210,"column":12},"end":{"line":210,"column":12}}]},"22":{"line":210,"type":"cond-expr","locations":[{"start":{"line":210,"column":16},"end":{"line":210,"column":33}},{"start":{"line":210,"column":38},"end":{"line":210,"column":55}}]},"23":{"line":227,"type":"if","locations":[{"start":{"line":227,"column":56},"end":{"line":227,"column":56}},{"start":{"line":227,"column":56},"end":{"line":227,"column":56}}]},"24":{"line":228,"type":"if","locations":[{"start":{"line":228,"column":8},"end":{"line":228,"column":8}},{"start":{"line":228,"column":8},"end":{"line":228,"column":8}}]},"25":{"line":240,"type":"if","locations":[{"start":{"line":240,"column":68},"end":{"line":240,"column":68}},{"start":{"line":240,"column":68},"end":{"line":240,"column":68}}]},"26":{"line":245,"type":"if","locations":[{"start":{"line":245,"column":8},"end":{"line":245,"column":8}},{"start":{"line":245,"column":8},"end":{"line":245,"column":8}}]},"27":{"line":254,"type":"if","locations":[{"start":{"line":254,"column":12},"end":{"line":254,"column":12}},{"start":{"line":254,"column":12},"end":{"line":254,"column":12}}]},"28":{"line":254,"type":"cond-expr","locations":[{"start":{"line":254,"column":16},"end":{"line":254,"column":26}},{"start":{"line":254,"column":31},"end":{"line":254,"column":44}}]},"29":{"line":274,"type":"if","locations":[{"start":{"line":274,"column":15},"end":{"line":274,"column":15}},{"start":{"line":274,"column":15},"end":{"line":274,"column":15}}]},"30":{"line":301,"type":"if","locations":[{"start":{"line":301,"column":15},"end":{"line":301,"column":15}},{"start":{"line":301,"column":15},"end":{"line":301,"column":15}}]},"31":{"line":302,"type":"if","locations":[{"start":{"line":302,"column":8},"end":{"line":302,"column":8}},{"start":{"line":302,"column":8},"end":{"line":302,"column":8}}]},"32":{"line":320,"type":"if","locations":[{"start":{"line":320,"column":15},"end":{"line":320,"column":15}},{"start":{"line":320,"column":15},"end":{"line":320,"column":15}}]},"33":{"line":326,"type":"if","locations":[{"start":{"line":326,"column":12},"end":{"line":326,"column":12}},{"start":{"line":326,"column":12},"end":{"line":326,"column":12}}]},"34":{"line":344,"type":"if","locations":[{"start":{"line":344,"column":8},"end":{"line":344,"column":8}},{"start":{"line":344,"column":8},"end":{"line":344,"column":8}}]},"35":{"line":385,"type":"if","locations":[{"start":{"line":385,"column":8},"end":{"line":385,"column":8}},{"start":{"line":385,"column":8},"end":{"line":385,"column":8}}]},"36":{"line":403,"type":"if","locations":[{"start":{"line":403,"column":8},"end":{"line":403,"column":8}},{"start":{"line":403,"column":8},"end":{"line":403,"column":8}}]},"37":{"line":421,"type":"if","locations":[{"start":{"line":421,"column":8},"end":{"line":421,"column":8}},{"start":{"line":421,"column":8},"end":{"line":421,"column":8}}]},"38":{"line":424,"type":"if","locations":[{"start":{"line":424,"column":8},"end":{"line":424,"column":8}},{"start":{"line":424,"column":8},"end":{"line":424,"column":8}}]},"39":{"line":425,"type":"if","locations":[{"start":{"line":425,"column":8},"end":{"line":425,"column":8}},{"start":{"line":425,"column":8},"end":{"line":425,"column":8}}]},"40":{"line":452,"type":"if","locations":[{"start":{"line":452,"column":15},"end":{"line":452,"column":15}},{"start":{"line":452,"column":15},"end":{"line":452,"column":15}}]},"41":{"line":458,"type":"if","locations":[{"start":{"line":458,"column":8},"end":{"line":458,"column":8}},{"start":{"line":458,"column":8},"end":{"line":458,"column":8}}]},"42":{"line":458,"type":"cond-expr","locations":[{"start":{"line":458,"column":12},"end":{"line":458,"column":30}},{"start":{"line":458,"column":35},"end":{"line":458,"column":55}}]},"43":{"line":469,"type":"if","locations":[{"start":{"line":469,"column":14},"end":{"line":469,"column":57}},{"start":{"line":470,"column":14},"end":{"line":470,"column":27}}]},"44":{"line":472,"type":"if","locations":[{"start":{"line":472,"column":14},"end":{"line":472,"column":57}},{"start":{"line":473,"column":14},"end":{"line":473,"column":27}}]},"45":{"line":474,"type":"if","locations":[{"start":{"line":474,"column":8},"end":{"line":474,"column":8}},{"start":{"line":474,"column":8},"end":{"line":474,"column":8}}]},"46":{"line":474,"type":"cond-expr","locations":[{"start":{"line":474,"column":12},"end":{"line":474,"column":25}},{"start":{"line":474,"column":30},"end":{"line":474,"column":43}}]},"47":{"line":507,"type":"if","locations":[{"start":{"line":507,"column":12},"end":{"line":507,"column":12}},{"start":{"line":507,"column":12},"end":{"line":507,"column":12}}]},"48":{"line":508,"type":"cond-expr","locations":[{"start":{"line":508,"column":16},"end":{"line":508,"column":26}},{"start":{"line":509,"column":16},"end":{"line":509,"column":29}}]},"49":{"line":508,"type":"cond-expr","locations":[{"start":{"line":508,"column":16},"end":{"line":509,"column":29}},{"start":{"line":510,"column":16},"end":{"line":510,"column":63}}]},"50":{"line":517,"type":"if","locations":[{"start":{"line":517,"column":12},"end":{"line":517,"column":12}},{"start":{"line":517,"column":12},"end":{"line":517,"column":12}}]},"51":{"line":519,"type":"if","locations":[{"start":{"line":519,"column":19},"end":{"line":519,"column":19}},{"start":{"line":519,"column":19},"end":{"line":519,"column":19}}]},"52":{"line":527,"type":"if","locations":[{"start":{"line":527,"column":12},"end":{"line":527,"column":12}},{"start":{"line":527,"column":12},"end":{"line":527,"column":12}}]},"53":{"line":528,"type":"cond-expr","locations":[{"start":{"line":528,"column":16},"end":{"line":528,"column":73}},{"start":{"line":529,"column":16},"end":{"line":529,"column":73}}]},"54":{"line":545,"type":"if","locations":[{"start":{"line":545,"column":8},"end":{"line":545,"column":8}},{"start":{"line":545,"column":8},"end":{"line":545,"column":8}}]},"55":{"line":548,"type":"if","locations":[{"start":{"line":548,"column":8},"end":{"line":548,"column":8}},{"start":{"line":548,"column":8},"end":{"line":548,"column":8}}]},"56":{"line":551,"type":"if","locations":[{"start":{"line":551,"column":8},"end":{"line":551,"column":8}},{"start":{"line":551,"column":8},"end":{"line":551,"column":8}}]},"57":{"line":554,"type":"if","locations":[{"start":{"line":554,"column":8},"end":{"line":554,"column":8}},{"start":{"line":554,"column":8},"end":{"line":554,"column":8}}]},"58":{"line":557,"type":"if","locations":[{"start":{"line":557,"column":8},"end":{"line":557,"column":8}},{"start":{"line":557,"column":8},"end":{"line":557,"column":8}}]},"59":{"line":558,"type":"if","locations":[{"start":{"line":558,"column":8},"end":{"line":558,"column":8}},{"start":{"line":558,"column":8},"end":{"line":558,"column":8}}]},"60":{"line":580,"type":"if","locations":[{"start":{"line":580,"column":8},"end":{"line":580,"column":8}},{"start":{"line":580,"column":8},"end":{"line":580,"column":8}}]},"61":{"line":581,"type":"cond-expr","locations":[{"start":{"line":581,"column":12},"end":{"line":581,"column":67}},{"start":{"line":582,"column":12},"end":{"line":582,"column":67}}]},"62":{"line":601,"type":"if","locations":[{"start":{"line":601,"column":8},"end":{"line":601,"column":8}},{"start":{"line":601,"column":8},"end":{"line":601,"column":8}}]},"63":{"line":615,"type":"if","locations":[{"start":{"line":615,"column":8},"end":{"line":615,"column":8}},{"start":{"line":615,"column":8},"end":{"line":615,"column":8}}]},"64":{"line":617,"type":"if","locations":[{"start":{"line":617,"column":8},"end":{"line":617,"column":8}},{"start":{"line":617,"column":8},"end":{"line":617,"column":8}}]},"65":{"line":619,"type":"if","locations":[{"start":{"line":619,"column":8},"end":{"line":619,"column":8}},{"start":{"line":619,"column":8},"end":{"line":619,"column":8}}]},"66":{"line":633,"type":"if","locations":[{"start":{"line":633,"column":8},"end":{"line":633,"column":8}},{"start":{"line":633,"column":8},"end":{"line":633,"column":8}}]},"67":{"line":635,"type":"if","locations":[{"start":{"line":635,"column":8},"end":{"line":635,"column":8}},{"start":{"line":635,"column":8},"end":{"line":635,"column":8}}]},"68":{"line":647,"type":"if","locations":[{"start":{"line":647,"column":8},"end":{"line":647,"column":8}},{"start":{"line":647,"column":8},"end":{"line":647,"column":8}}]}}},"contracts/errors/UBKOracleErrors.sol":{"l":{},"path":"/Users/nischinth/Desktop/Gala.Fi/ubk-oracle/contracts/errors/UBKOracleErrors.sol","s":{},"b":{},"f":{},"fnMap":{},"statementMap":{},"branchMap":{}},"contracts/imports/UBKImports.sol":{"l":{},"path":"/Users/nischinth/Desktop/Gala.Fi/ubk-oracle/contracts/imports/UBKImports.sol","s":{},"b":{},"f":{},"fnMap":{},"statementMap":{},"branchMap":{}}}